<?xml version="1.0" encoding="UTF-8"?>
<!-- Generated by org.testng.reporters.JUnitReportReporter -->
<testsuite hostname="ASN69" failures="0" tests="1" name="home.BoatQuoteTest" time="7.662" errors="0" timestamp="2023-01-07T23:22:36 EST" skipped="0">
  <testcase classname="home.BoatQuoteTest" name="boatQuoteFlow" time="7.662"/>
  <system-out>
    <![CDATA[11230 : has been passed to ---->[[ChromeDriver: chrome on WINDOWS (c82ab5a3317d322dd36a787b63a1bde5)] -> name: zipCode]<br>
[[ChromeDriver: chrome on WINDOWS (c82ab5a3317d322dd36a787b63a1bde5)] -> id: trans-fake-get-quote] <---- has been clicked<br>
[[ChromeDriver: chrome on WINDOWS (c82ab5a3317d322dd36a787b63a1bde5)] -> id: lbl-0-7] <---- has been clicked<br>
[[ChromeDriver: chrome on WINDOWS (c82ab5a3317d322dd36a787b63a1bde5)] -> id: body-btn-get-quote] <---- has been clicked<br>
[[ChromeDriver: chrome on WINDOWS (c82ab5a3317d322dd36a787b63a1bde5)] -> id: ctl00_lblHeader]<--- has text =Information About You<br>
Ahad : has been passed to ---->[[ChromeDriver: chrome on WINDOWS (c82ab5a3317d322dd36a787b63a1bde5)] -> xpath: //input[@id='ctl00_mainContent_ucConsumer_firstname']]<br>
Ritto : has been passed to ---->[[ChromeDriver: chrome on WINDOWS (c82ab5a3317d322dd36a787b63a1bde5)] -> id: ctl00_mainContent_ucConsumer_lastname]<br>
abcd@gmail : has been passed to ---->[[ChromeDriver: chrome on WINDOWS (c82ab5a3317d322dd36a787b63a1bde5)] -> id: ctl00_mainContent_ucConsumer_email]<br>
123 : has been passed to ---->[[ChromeDriver: chrome on WINDOWS (c82ab5a3317d322dd36a787b63a1bde5)] -> id: ctl00_mainContent_ucConsumer_homephone1]<br>
456 : has been passed to ---->[[ChromeDriver: chrome on WINDOWS (c82ab5a3317d322dd36a787b63a1bde5)] -> id: ctl00_mainContent_ucConsumer_homephone2]<br>
7890 : has been passed to ---->[[ChromeDriver: chrome on WINDOWS (c82ab5a3317d322dd36a787b63a1bde5)] -> id: ctl00_mainContent_ucConsumer_homephone3]<br>
999 e 42ND st : has been passed to ---->[[ChromeDriver: chrome on WINDOWS (c82ab5a3317d322dd36a787b63a1bde5)] -> id: ctl00_mainContent_ucConsumer_street]<br>
Brooklyn : has been passed to ---->[[ChromeDriver: chrome on WINDOWS (c82ab5a3317d322dd36a787b63a1bde5)] -> id: ctl00_mainContent_ucConsumer_city]<br>
11230 : has been passed to ---->[[ChromeDriver: chrome on WINDOWS (c82ab5a3317d322dd36a787b63a1bde5)] -> id: ctl00_mainContent_ucConsumer_zipcode]<br>
[[ChromeDriver: chrome on WINDOWS (c82ab5a3317d322dd36a787b63a1bde5)] -> xpath: //select[@id='ctl00_mainContent_ucConsumer_cboDOB']]<---- has been present<br>
[[ChromeDriver: chrome on WINDOWS (c82ab5a3317d322dd36a787b63a1bde5)] -> xpath: //select[@id='ctl00_mainContent_ucConsumer_cboDOB']]<---- is VISIBLE<br>
4:has been selected for ---->[[ChromeDriver: chrome on WINDOWS (c82ab5a3317d322dd36a787b63a1bde5)] -> xpath: //select[@id='ctl00_mainContent_ucConsumer_cboDOB']]<br>
14 : has been passed to ---->[[ChromeDriver: chrome on WINDOWS (c82ab5a3317d322dd36a787b63a1bde5)] -> id: ctl00_mainContent_ucConsumer_txtDOBDay]<br>
1997 : has been passed to ---->[[ChromeDriver: chrome on WINDOWS (c82ab5a3317d322dd36a787b63a1bde5)] -> id: ctl00_mainContent_ucConsumer_txtDOBYear]<br>
[[ChromeDriver: chrome on WINDOWS (c82ab5a3317d322dd36a787b63a1bde5)] -> id: ctl00_mainContent_ddYearsExperience]<---- has been present<br>
[[ChromeDriver: chrome on WINDOWS (c82ab5a3317d322dd36a787b63a1bde5)] -> id: ctl00_mainContent_ddYearsExperience]<---- is VISIBLE<br>
1_3:has been selected for ---->[[ChromeDriver: chrome on WINDOWS (c82ab5a3317d322dd36a787b63a1bde5)] -> id: ctl00_mainContent_ddYearsExperience]<br>
[[ChromeDriver: chrome on WINDOWS (c82ab5a3317d322dd36a787b63a1bde5)] -> id: ctl00_mainContent_ddEdeucationLevel]<---- has been present<br>
[[ChromeDriver: chrome on WINDOWS (c82ab5a3317d322dd36a787b63a1bde5)] -> id: ctl00_mainContent_ddEdeucationLevel]<---- is VISIBLE<br>
Basic:has been selected for ---->[[ChromeDriver: chrome on WINDOWS (c82ab5a3317d322dd36a787b63a1bde5)] -> id: ctl00_mainContent_ddEdeucationLevel]<br>
[[ChromeDriver: chrome on WINDOWS (c82ab5a3317d322dd36a787b63a1bde5)] -> id: ctl00_mainContent_btnContinue] <---- has been clicked<br>]]>
  </system-out>
</testsuite> <!-- home.BoatQuoteTest -->
